2025-04-24 00:00:59,586 - INFO - app.py:65 - æ­£åœ¨åŠ è½½æ¨¡å‹...
2025-04-24 00:01:00,231 - INFO - app.py:70 - æ¨¡å‹ç±»å‹: <class 'whisper.model.Whisper'>
2025-04-24 00:01:00,231 - INFO - app.py:71 - æ¨¡å‹åŠ è½½æˆåŠŸï¼
2025-04-24 00:01:00,239 - INFO - _internal.py:225 -  * Running on http://127.0.0.1:5001/ (Press CTRL+C to quit)
2025-04-24 00:01:00,240 - INFO - _internal.py:225 -  * Restarting with stat
2025-04-24 00:01:01,529 - INFO - app.py:65 - æ­£åœ¨åŠ è½½æ¨¡å‹...
2025-04-24 00:01:02,087 - INFO - app.py:70 - æ¨¡å‹ç±»å‹: <class 'whisper.model.Whisper'>
2025-04-24 00:01:02,087 - INFO - app.py:71 - æ¨¡å‹åŠ è½½æˆåŠŸï¼
2025-04-24 00:01:02,091 - WARNING - _internal.py:225 -  * Debugger is active!
2025-04-24 00:01:02,111 - INFO - _internal.py:225 -  * Debugger PIN: 135-921-718
2025-04-24 00:01:13,266 - INFO - _internal.py:225 - 127.0.0.1 - - [24/Apr/2025 00:01:13] "GET / HTTP/1.1" 200 -
2025-04-24 00:01:18,475 - INFO - app.py:194 - å¼€å§‹å¤„ç†ä¸Šä¼ çš„æ–‡ä»¶...
2025-04-24 00:01:18,478 - INFO - app.py:197 - åˆ›å»ºä¸´æ—¶æ–‡ä»¶: /var/folders/m4/n1rfwfj14zsdfd39p1q2t77h0000gn/T/tmpiq7tmbl8.wav
2025-04-24 00:01:18,478 - INFO - app.py:199 - æ–‡ä»¶ä¿å­˜æˆåŠŸ
2025-04-24 00:01:18,478 - INFO - app.py:202 - å¼€å§‹è½¬æ¢éŸ³é¢‘æ ¼å¼...
2025-04-24 00:01:18,628 - DEBUG - logging_utils.py:9 - subprocess.call(['ffmpeg', '-y', '-i', '/var/folders/m4/n1rfwfj14zsdfd39p1q2t77h0000gn/T/tmpiq7tmbl8.wav', '-acodec', 'pcm_s32le', '-vn', '-f', 'wav', '-'])
2025-04-24 00:01:18,681 - INFO - app.py:204 - åŸå§‹éŸ³é¢‘ä¿¡æ¯: é€šé“æ•°=1, é‡‡æ ·ç‡=48000, æ—¶é•¿=3.54ç§’
2025-04-24 00:01:18,684 - INFO - app.py:208 - è½¬æ¢åéŸ³é¢‘ä¿¡æ¯: é€šé“æ•°=1, é‡‡æ ·ç‡=16000
2025-04-24 00:01:18,684 - INFO - app.py:211 - éŸ³é¢‘æ ¼å¼è½¬æ¢å®Œæˆ
2025-04-24 00:01:18,684 - INFO - app.py:214 - å¼€å§‹åŠ è½½éŸ³é¢‘æ•°æ®...
2025-04-24 00:01:18,729 - INFO - app.py:218 - éŸ³é¢‘æ•°æ®åŠ è½½æˆåŠŸï¼Œå½¢çŠ¶: (56640,), ç±»å‹: float32
2025-04-24 00:01:18,729 - INFO - app.py:225 - å¤„ç†åçš„éŸ³é¢‘æ•°æ®å½¢çŠ¶: torch.Size([56640]), ç±»å‹: torch.float32
2025-04-24 00:01:18,729 - INFO - app.py:228 - å¼€å§‹è½¬å½•...
2025-04-24 00:01:18,729 - INFO - app.py:229 - è®¾ç½®è½¬å½•å‚æ•°...
2025-04-24 00:01:18,729 - INFO - app.py:238 - è½¬å½•å‚æ•°: {"language": "zh", "task": "transcribe", "vad": true, "trust_whisper_timestamps": false, "refine_whisper_precision": 0.02, "plot_word_alignment": false}
2025-04-24 00:01:18,729 - INFO - app.py:241 - å¼€å§‹æ‰§è¡Œè½¬å½•...
2025-04-24 00:01:18,746 - WARNING - transcribe.py:1852 - Please install onnxruntime to use more efficiently silero VAD
2025-04-24 00:01:19,487 - ERROR - app.py:293 - è½¬å½•è¿‡ç¨‹ä¸­å‡ºç°é”™è¯¯: 'NoneType' object has no attribute 'shape'
2025-04-24 00:01:19,496 - ERROR - app.py:294 - Traceback (most recent call last):
  File "/Users/regulusemilia/Desktop/narraid/app.py", line 242, in upload_file
    result = transcribe_timestamped(model, audio_data, **transcribe_options)
  File "/Users/regulusemilia/Library/Python/3.9/lib/python/site-packages/whisper_timestamped/transcribe.py", line 284, in transcribe_timestamped
    (transcription, words) = _transcribe_timestamped_efficient(model, audio,
  File "/Users/regulusemilia/Library/Python/3.9/lib/python/site-packages/whisper_timestamped/transcribe.py", line 873, in _transcribe_timestamped_efficient
    transcription = model.transcribe(audio, **whisper_options)
  File "/Users/regulusemilia/Library/Python/3.9/lib/python/site-packages/whisper/transcribe.py", line 279, in transcribe
    result: DecodingResult = decode_with_fallback(mel_segment)
  File "/Users/regulusemilia/Library/Python/3.9/lib/python/site-packages/whisper/transcribe.py", line 195, in decode_with_fallback
    decode_result = model.decode(segment, options)
  File "/Users/regulusemilia/Library/Python/3.9/lib/python/site-packages/torch/utils/_contextlib.py", line 116, in decorate_context
    return func(*args, **kwargs)
  File "/Users/regulusemilia/Library/Python/3.9/lib/python/site-packages/whisper/decoding.py", line 824, in decode
    result = DecodingTask(model, options).run(mel)
  File "/Users/regulusemilia/Library/Python/3.9/lib/python/site-packages/torch/utils/_contextlib.py", line 116, in decorate_context
    return func(*args, **kwargs)
  File "/Users/regulusemilia/Library/Python/3.9/lib/python/site-packages/whisper/decoding.py", line 737, in run
    tokens, sum_logprobs, no_speech_probs = self._main_loop(audio_features, tokens)
  File "/Users/regulusemilia/Library/Python/3.9/lib/python/site-packages/whisper/decoding.py", line 687, in _main_loop
    logits = self.inference.logits(tokens, audio_features)
  File "/Users/regulusemilia/Library/Python/3.9/lib/python/site-packages/whisper/decoding.py", line 163, in logits
    return self.model.decoder(tokens, audio_features, kv_cache=self.kv_cache)
  File "/Users/regulusemilia/Library/Python/3.9/lib/python/site-packages/torch/nn/modules/module.py", line 1739, in _wrapped_call_impl
    return self._call_impl(*args, **kwargs)
  File "/Users/regulusemilia/Library/Python/3.9/lib/python/site-packages/torch/nn/modules/module.py", line 1750, in _call_impl
    return forward_call(*args, **kwargs)
  File "/Users/regulusemilia/Library/Python/3.9/lib/python/site-packages/whisper/model.py", line 242, in forward
    x = block(x, xa, mask=self.mask, kv_cache=kv_cache)
  File "/Users/regulusemilia/Library/Python/3.9/lib/python/site-packages/torch/nn/modules/module.py", line 1739, in _wrapped_call_impl
    return self._call_impl(*args, **kwargs)
  File "/Users/regulusemilia/Library/Python/3.9/lib/python/site-packages/torch/nn/modules/module.py", line 1750, in _call_impl
    return forward_call(*args, **kwargs)
  File "/Users/regulusemilia/Library/Python/3.9/lib/python/site-packages/whisper/model.py", line 169, in forward
    x = x + self.cross_attn(self.cross_attn_ln(x), xa, kv_cache=kv_cache)[0]
  File "/Users/regulusemilia/Library/Python/3.9/lib/python/site-packages/torch/nn/modules/module.py", line 1739, in _wrapped_call_impl
    return self._call_impl(*args, **kwargs)
  File "/Users/regulusemilia/Library/Python/3.9/lib/python/site-packages/torch/nn/modules/module.py", line 1845, in _call_impl
    return inner()
  File "/Users/regulusemilia/Library/Python/3.9/lib/python/site-packages/torch/nn/modules/module.py", line 1806, in inner
    hook_result = hook(self, args, result)
  File "/Users/regulusemilia/Library/Python/3.9/lib/python/site-packages/whisper_timestamped/transcribe.py", line 867, in <lambda>
    lambda layer, ins, outs, index=j: hook_attention_weights(layer, ins, outs, index))
  File "/Users/regulusemilia/Library/Python/3.9/lib/python/site-packages/whisper_timestamped/transcribe.py", line 762, in hook_attention_weights
    if w.shape[-2] > 1:
AttributeError: 'NoneType' object has no attribute 'shape'

2025-04-24 00:01:19,497 - INFO - app.py:305 - ä¸´æ—¶æ–‡ä»¶å·²åˆ é™¤: /var/folders/m4/n1rfwfj14zsdfd39p1q2t77h0000gn/T/tmpiq7tmbl8.wav
2025-04-24 00:01:19,497 - INFO - _internal.py:225 - 127.0.0.1 - - [24/Apr/2025 00:01:19] "[35m[1mPOST /upload HTTP/1.1[0m" 500 -
2025-04-24 00:02:39,759 - INFO - _internal.py:225 -  * Detected change in '/Users/regulusemilia/Desktop/narraid/app.py', reloading
2025-04-24 00:02:40,026 - INFO - _internal.py:225 -  * Restarting with stat
2025-04-24 00:02:41,415 - INFO - app.py:65 - æ­£åœ¨åŠ è½½æ¨¡å‹...
2025-04-24 00:02:42,134 - INFO - app.py:70 - æ¨¡å‹ç±»å‹: <class 'whisper.model.Whisper'>
2025-04-24 00:02:42,134 - INFO - app.py:71 - æ¨¡å‹åŠ è½½æˆåŠŸï¼
2025-04-24 00:02:42,142 - WARNING - _internal.py:225 -  * Debugger is active!
2025-04-24 00:02:42,156 - INFO - _internal.py:225 -  * Debugger PIN: 135-921-718
2025-04-24 00:03:40,952 - INFO - _internal.py:225 -  * Detected change in '/Users/regulusemilia/Desktop/narraid/app.py', reloading
2025-04-24 00:03:41,256 - INFO - _internal.py:225 -  * Restarting with stat
2025-04-24 00:03:42,734 - INFO - app.py:65 - æ­£åœ¨åŠ è½½æ¨¡å‹...
2025-04-24 00:03:44,105 - INFO - app.py:65 - æ­£åœ¨åŠ è½½æ¨¡å‹...
2025-04-24 00:03:44,647 - INFO - app.py:70 - æ¨¡å‹ç±»å‹: <class 'whisper.model.Whisper'>
2025-04-24 00:03:44,647 - INFO - app.py:71 - æ¨¡å‹åŠ è½½æˆåŠŸï¼
2025-04-24 00:03:44,656 - INFO - _internal.py:225 -  * Running on http://127.0.0.1:5001/ (Press CTRL+C to quit)
2025-04-24 00:03:44,657 - INFO - _internal.py:225 -  * Restarting with stat
2025-04-24 00:03:45,936 - INFO - app.py:65 - æ­£åœ¨åŠ è½½æ¨¡å‹...
2025-04-24 00:03:46,505 - INFO - app.py:70 - æ¨¡å‹ç±»å‹: <class 'whisper.model.Whisper'>
2025-04-24 00:03:46,505 - INFO - app.py:71 - æ¨¡å‹åŠ è½½æˆåŠŸï¼
2025-04-24 00:03:46,509 - WARNING - _internal.py:225 -  * Debugger is active!
2025-04-24 00:03:46,528 - INFO - _internal.py:225 -  * Debugger PIN: 135-921-718
2025-04-24 00:03:51,418 - INFO - _internal.py:225 - 127.0.0.1 - - [24/Apr/2025 00:03:51] "GET / HTTP/1.1" 200 -
2025-04-24 00:03:56,245 - INFO - app.py:291 - å¼€å§‹å¤„ç†ä¸Šä¼ çš„æ–‡ä»¶...
2025-04-24 00:03:56,248 - INFO - app.py:294 - åˆ›å»ºä¸´æ—¶æ–‡ä»¶: /var/folders/m4/n1rfwfj14zsdfd39p1q2t77h0000gn/T/tmpuuyf5475.wav
2025-04-24 00:03:56,248 - INFO - app.py:296 - æ–‡ä»¶ä¿å­˜æˆåŠŸ
2025-04-24 00:03:56,248 - INFO - app.py:299 - å¼€å§‹è½¬æ¢éŸ³é¢‘æ ¼å¼...
2025-04-24 00:03:56,408 - DEBUG - logging_utils.py:9 - subprocess.call(['ffmpeg', '-y', '-i', '/var/folders/m4/n1rfwfj14zsdfd39p1q2t77h0000gn/T/tmpuuyf5475.wav', '-acodec', 'pcm_s32le', '-vn', '-f', 'wav', '-'])
2025-04-24 00:03:56,460 - INFO - app.py:301 - åŸå§‹éŸ³é¢‘ä¿¡æ¯: é€šé“æ•°=1, é‡‡æ ·ç‡=48000, æ—¶é•¿=3.78ç§’
2025-04-24 00:03:56,462 - INFO - app.py:305 - è½¬æ¢åéŸ³é¢‘ä¿¡æ¯: é€šé“æ•°=1, é‡‡æ ·ç‡=16000
2025-04-24 00:03:56,463 - INFO - app.py:308 - éŸ³é¢‘æ ¼å¼è½¬æ¢å®Œæˆ
2025-04-24 00:03:56,463 - INFO - app.py:311 - å¼€å§‹åŠ è½½éŸ³é¢‘æ•°æ®...
2025-04-24 00:03:56,505 - INFO - app.py:315 - éŸ³é¢‘æ•°æ®åŠ è½½æˆåŠŸï¼Œå½¢çŠ¶: (60480,), ç±»å‹: float32
2025-04-24 00:03:56,505 - INFO - app.py:322 - å¤„ç†åçš„éŸ³é¢‘æ•°æ®å½¢çŠ¶: torch.Size([60480]), ç±»å‹: torch.float32
2025-04-24 00:03:56,505 - INFO - app.py:325 - å¼€å§‹è½¬å½•...
2025-04-24 00:03:56,505 - INFO - app.py:326 - è®¾ç½®è½¬å½•å‚æ•°...
2025-04-24 00:03:56,505 - INFO - app.py:335 - è½¬å½•å‚æ•°: {"language": "zh", "task": "transcribe", "vad": true, "trust_whisper_timestamps": false, "refine_whisper_precision": 0.02, "plot_word_alignment": false}
2025-04-24 00:03:56,505 - INFO - app.py:338 - å¼€å§‹æ‰§è¡Œè½¬å½•...
2025-04-24 00:03:56,521 - WARNING - transcribe.py:1852 - Please install onnxruntime to use more efficiently silero VAD
2025-04-24 00:03:57,355 - ERROR - app.py:390 - è½¬å½•è¿‡ç¨‹ä¸­å‡ºç°é”™è¯¯: 'NoneType' object has no attribute 'shape'
2025-04-24 00:03:57,364 - ERROR - app.py:391 - Traceback (most recent call last):
  File "/Users/regulusemilia/Desktop/narraid/app.py", line 339, in upload_file
    result = transcribe_timestamped(model, audio_data, **transcribe_options)
  File "/Users/regulusemilia/Library/Python/3.9/lib/python/site-packages/whisper_timestamped/transcribe.py", line 284, in transcribe_timestamped
    (transcription, words) = _transcribe_timestamped_efficient(model, audio,
  File "/Users/regulusemilia/Library/Python/3.9/lib/python/site-packages/whisper_timestamped/transcribe.py", line 873, in _transcribe_timestamped_efficient
    transcription = model.transcribe(audio, **whisper_options)
  File "/Users/regulusemilia/Library/Python/3.9/lib/python/site-packages/whisper/transcribe.py", line 279, in transcribe
    result: DecodingResult = decode_with_fallback(mel_segment)
  File "/Users/regulusemilia/Library/Python/3.9/lib/python/site-packages/whisper/transcribe.py", line 195, in decode_with_fallback
    decode_result = model.decode(segment, options)
  File "/Users/regulusemilia/Library/Python/3.9/lib/python/site-packages/torch/utils/_contextlib.py", line 116, in decorate_context
    return func(*args, **kwargs)
  File "/Users/regulusemilia/Library/Python/3.9/lib/python/site-packages/whisper/decoding.py", line 824, in decode
    result = DecodingTask(model, options).run(mel)
  File "/Users/regulusemilia/Library/Python/3.9/lib/python/site-packages/torch/utils/_contextlib.py", line 116, in decorate_context
    return func(*args, **kwargs)
  File "/Users/regulusemilia/Library/Python/3.9/lib/python/site-packages/whisper/decoding.py", line 737, in run
    tokens, sum_logprobs, no_speech_probs = self._main_loop(audio_features, tokens)
  File "/Users/regulusemilia/Library/Python/3.9/lib/python/site-packages/whisper/decoding.py", line 687, in _main_loop
    logits = self.inference.logits(tokens, audio_features)
  File "/Users/regulusemilia/Library/Python/3.9/lib/python/site-packages/whisper/decoding.py", line 163, in logits
    return self.model.decoder(tokens, audio_features, kv_cache=self.kv_cache)
  File "/Users/regulusemilia/Library/Python/3.9/lib/python/site-packages/torch/nn/modules/module.py", line 1739, in _wrapped_call_impl
    return self._call_impl(*args, **kwargs)
  File "/Users/regulusemilia/Library/Python/3.9/lib/python/site-packages/torch/nn/modules/module.py", line 1750, in _call_impl
    return forward_call(*args, **kwargs)
  File "/Users/regulusemilia/Library/Python/3.9/lib/python/site-packages/whisper/model.py", line 242, in forward
    x = block(x, xa, mask=self.mask, kv_cache=kv_cache)
  File "/Users/regulusemilia/Library/Python/3.9/lib/python/site-packages/torch/nn/modules/module.py", line 1739, in _wrapped_call_impl
    return self._call_impl(*args, **kwargs)
  File "/Users/regulusemilia/Library/Python/3.9/lib/python/site-packages/torch/nn/modules/module.py", line 1750, in _call_impl
    return forward_call(*args, **kwargs)
  File "/Users/regulusemilia/Library/Python/3.9/lib/python/site-packages/whisper/model.py", line 169, in forward
    x = x + self.cross_attn(self.cross_attn_ln(x), xa, kv_cache=kv_cache)[0]
  File "/Users/regulusemilia/Library/Python/3.9/lib/python/site-packages/torch/nn/modules/module.py", line 1739, in _wrapped_call_impl
    return self._call_impl(*args, **kwargs)
  File "/Users/regulusemilia/Library/Python/3.9/lib/python/site-packages/torch/nn/modules/module.py", line 1845, in _call_impl
    return inner()
  File "/Users/regulusemilia/Library/Python/3.9/lib/python/site-packages/torch/nn/modules/module.py", line 1806, in inner
    hook_result = hook(self, args, result)
  File "/Users/regulusemilia/Library/Python/3.9/lib/python/site-packages/whisper_timestamped/transcribe.py", line 867, in <lambda>
    lambda layer, ins, outs, index=j: hook_attention_weights(layer, ins, outs, index))
  File "/Users/regulusemilia/Library/Python/3.9/lib/python/site-packages/whisper_timestamped/transcribe.py", line 762, in hook_attention_weights
    if w.shape[-2] > 1:
AttributeError: 'NoneType' object has no attribute 'shape'

2025-04-24 00:03:57,365 - INFO - app.py:402 - ä¸´æ—¶æ–‡ä»¶å·²åˆ é™¤: /var/folders/m4/n1rfwfj14zsdfd39p1q2t77h0000gn/T/tmpuuyf5475.wav
2025-04-24 00:03:57,365 - INFO - _internal.py:225 - 127.0.0.1 - - [24/Apr/2025 00:03:57] "[35m[1mPOST /upload HTTP/1.1[0m" 500 -
2025-04-24 00:07:31,399 - INFO - _internal.py:225 -  * Detected change in '/Users/regulusemilia/Library/Python/3.9/lib/python/site-packages/whisper_timestamped/__init__.py', reloading
2025-04-24 00:07:31,658 - INFO - _internal.py:225 -  * Restarting with stat
2025-04-24 00:07:33,072 - INFO - app.py:65 - æ­£åœ¨åŠ è½½æ¨¡å‹...
2025-04-24 00:07:33,682 - INFO - app.py:70 - æ¨¡å‹ç±»å‹: <class 'whisper.model.Whisper'>
2025-04-24 00:07:33,682 - INFO - app.py:71 - æ¨¡å‹åŠ è½½æˆåŠŸï¼
2025-04-24 00:07:33,688 - WARNING - _internal.py:225 -  * Debugger is active!
2025-04-24 00:07:33,707 - INFO - _internal.py:225 -  * Debugger PIN: 135-921-718
2025-04-24 00:08:00,907 - INFO - app.py:65 - æ­£åœ¨åŠ è½½æ¨¡å‹...
2025-04-24 00:08:01,558 - INFO - app.py:70 - æ¨¡å‹ç±»å‹: <class 'whisper.model.Whisper'>
2025-04-24 00:08:01,559 - INFO - app.py:71 - æ¨¡å‹åŠ è½½æˆåŠŸï¼
2025-04-24 00:08:01,567 - INFO - _internal.py:225 -  * Running on http://127.0.0.1:5001/ (Press CTRL+C to quit)
2025-04-24 00:08:01,568 - INFO - _internal.py:225 -  * Restarting with stat
2025-04-24 00:08:02,801 - INFO - app.py:65 - æ­£åœ¨åŠ è½½æ¨¡å‹...
2025-04-24 00:08:03,445 - INFO - app.py:70 - æ¨¡å‹ç±»å‹: <class 'whisper.model.Whisper'>
2025-04-24 00:08:03,445 - INFO - app.py:71 - æ¨¡å‹åŠ è½½æˆåŠŸï¼
2025-04-24 00:08:03,449 - WARNING - _internal.py:225 -  * Debugger is active!
2025-04-24 00:08:03,469 - INFO - _internal.py:225 -  * Debugger PIN: 135-921-718
2025-04-24 00:08:09,380 - INFO - _internal.py:225 - 127.0.0.1 - - [24/Apr/2025 00:08:09] "GET / HTTP/1.1" 200 -
2025-04-24 00:08:15,865 - INFO - app.py:291 - å¼€å§‹å¤„ç†ä¸Šä¼ çš„æ–‡ä»¶...
2025-04-24 00:08:15,867 - INFO - app.py:294 - åˆ›å»ºä¸´æ—¶æ–‡ä»¶: /var/folders/m4/n1rfwfj14zsdfd39p1q2t77h0000gn/T/tmps_0mkaad.wav
2025-04-24 00:08:15,867 - INFO - app.py:296 - æ–‡ä»¶ä¿å­˜æˆåŠŸ
2025-04-24 00:08:15,867 - INFO - app.py:299 - å¼€å§‹è½¬æ¢éŸ³é¢‘æ ¼å¼...
2025-04-24 00:08:16,009 - DEBUG - logging_utils.py:9 - subprocess.call(['ffmpeg', '-y', '-i', '/var/folders/m4/n1rfwfj14zsdfd39p1q2t77h0000gn/T/tmps_0mkaad.wav', '-acodec', 'pcm_s32le', '-vn', '-f', 'wav', '-'])
2025-04-24 00:08:16,065 - INFO - app.py:301 - åŸå§‹éŸ³é¢‘ä¿¡æ¯: é€šé“æ•°=1, é‡‡æ ·ç‡=48000, æ—¶é•¿=5.22ç§’
2025-04-24 00:08:16,068 - INFO - app.py:305 - è½¬æ¢åéŸ³é¢‘ä¿¡æ¯: é€šé“æ•°=1, é‡‡æ ·ç‡=16000
2025-04-24 00:08:16,068 - INFO - app.py:308 - éŸ³é¢‘æ ¼å¼è½¬æ¢å®Œæˆ
2025-04-24 00:08:16,068 - INFO - app.py:311 - å¼€å§‹åŠ è½½éŸ³é¢‘æ•°æ®...
2025-04-24 00:08:16,114 - INFO - app.py:315 - éŸ³é¢‘æ•°æ®åŠ è½½æˆåŠŸï¼Œå½¢çŠ¶: (83520,), ç±»å‹: float32
2025-04-24 00:08:16,114 - INFO - app.py:322 - å¤„ç†åçš„éŸ³é¢‘æ•°æ®å½¢çŠ¶: torch.Size([83520]), ç±»å‹: torch.float32
2025-04-24 00:08:16,114 - INFO - app.py:325 - å¼€å§‹è½¬å½•...
2025-04-24 00:08:16,114 - INFO - app.py:326 - è®¾ç½®è½¬å½•å‚æ•°...
2025-04-24 00:08:16,114 - INFO - app.py:335 - è½¬å½•å‚æ•°: {"language": "zh", "task": "transcribe", "vad": true, "trust_whisper_timestamps": false, "refine_whisper_precision": 0.02, "plot_word_alignment": false}
2025-04-24 00:08:16,114 - INFO - app.py:338 - å¼€å§‹æ‰§è¡Œè½¬å½•...
2025-04-24 00:08:16,129 - WARNING - transcribe.py:1965 - Please install onnxruntime to use more efficiently silero VAD
2025-04-24 00:08:17,224 - DEBUG - transcribe.py:701 - Add segment 1:
	<|0.00|>é€™æ˜¯ä¸€å¥æµå”±çš„è©±<|3.00|>
2025-04-24 00:08:17,224 - DEBUG - transcribe.py:938 - Compile results
2025-04-24 00:08:17,225 - INFO - app.py:344 - è½¬å½•å®Œæˆï¼Œç»“æœ: {
  "text": "é€™æ˜¯ä¸€å¥æµå”±çš„è©±",
  "segments": [
    {
      "id": 0,
      "seek": 0,
      "start": 0.67,
      "end": 2.49,
      "text": "é€™æ˜¯ä¸€å¥æµå”±çš„è©±",
      "tokens": [
        50364,
        16600,
        2257,
        34592,
        27854,
        39861,
        21358,
        50514
      ],
      "temperature": 0.0,
      "avg_logprob": -0.7167912589179145,
      "compression_ratio": 0.6857142857142857,
      "no_speech_prob": 0.05413474142551422,
      "confidence": 0.631,
      "words": [
        {
          "text": "é€™æ˜¯",
          "start": 0.67,
          "end": 0.97,
          "confidence": 0.442
        },
        {
          "text": "ä¸€",
          "start": 0.97,
          "end": 1.33,
          "confidence": 0.959
        },
        {
          "text": "å¥",
          "start": 1.33,
          "end": 1.53,
          "confidence": 0.855
        },
        {
          "text": "æµ",
          "start": 1.53,
          "end": 1.79,
          "confidence": 0.595
        },
        {
          "text": "å”±",
          "start": 1.79,
          "end": 2.09,
          "confidence": 0.398
        },
        {
          "text": "çš„è©±",
          "start": 2.09,
          "end": 2.49,
          "confidence": 0.733
        }
      ]
    }
  ],
  "language": "zh",
  "speech_activity": [
    {
      "start": 0.206,
      "end": 3.698
    }
  ]
}
2025-04-24 00:08:17,225 - INFO - app.py:347 - å¼€å§‹å¤„ç†è½¬å½•ç»“æœ...
2025-04-24 00:08:17,225 - INFO - app.py:350 - å¤„ç†æ®µè½: é€™æ˜¯ä¸€å¥æµå”±çš„è©±
2025-04-24 00:08:17,225 - DEBUG - app.py:353 - å¤„ç†å•è¯: é€™æ˜¯
2025-04-24 00:08:17,225 - DEBUG - app.py:367 - å•è¯ é€™æ˜¯ åˆ° ä¸€ çš„é—´éš”: 0.000ç§’
2025-04-24 00:08:17,225 - DEBUG - app.py:353 - å¤„ç†å•è¯: ä¸€
2025-04-24 00:08:17,225 - DEBUG - app.py:367 - å•è¯ ä¸€ åˆ° å¥ çš„é—´éš”: 0.000ç§’
2025-04-24 00:08:17,225 - DEBUG - app.py:353 - å¤„ç†å•è¯: å¥
2025-04-24 00:08:17,225 - DEBUG - app.py:367 - å•è¯ å¥ åˆ° æµ çš„é—´éš”: 0.000ç§’
2025-04-24 00:08:17,225 - DEBUG - app.py:353 - å¤„ç†å•è¯: æµ
2025-04-24 00:08:17,225 - DEBUG - app.py:367 - å•è¯ æµ åˆ° å”± çš„é—´éš”: 0.000ç§’
2025-04-24 00:08:17,225 - DEBUG - app.py:353 - å¤„ç†å•è¯: å”±
2025-04-24 00:08:17,225 - DEBUG - app.py:367 - å•è¯ å”± åˆ° çš„è©± çš„é—´éš”: 0.000ç§’
2025-04-24 00:08:17,225 - DEBUG - app.py:353 - å¤„ç†å•è¯: çš„è©±
2025-04-24 00:08:17,225 - INFO - app.py:380 - å¼€å§‹åˆ†æé—´éš”...
2025-04-24 00:08:17,225 - INFO - app.py:161 - å¼€å§‹åˆ†æé—´éš”...
2025-04-24 00:08:17,225 - INFO - app.py:165 - å¤„ç†æ®µè½ 1/1: é€™æ˜¯ä¸€å¥æµå”±çš„è©±
2025-04-24 00:08:17,225 - DEBUG - app.py:171 - æ®µè½ 1 åŒ…å« 6 ä¸ªè¯
2025-04-24 00:08:17,225 - DEBUG - app.py:178 - æ‹†åˆ†åçš„å­—ç¬¦: ['é€™', 'æ˜¯', 'ä¸€', 'å¥', 'æµ', 'å”±', 'çš„', 'è©±']
2025-04-24 00:08:17,225 - DEBUG - app.py:182 - å¤„ç†å­—ç¬¦ 1/8: é€™
2025-04-24 00:08:17,225 - DEBUG - app.py:192 - æ‰¾åˆ°åŒ…å«å­—ç¬¦ 'é€™' çš„è¯: é€™æ˜¯
2025-04-24 00:08:17,225 - DEBUG - app.py:196 - å­—ç¬¦ä½ç½®: 1/2
2025-04-24 00:08:17,225 - DEBUG - app.py:207 - å­—ç¬¦æ—¶é—´: å¼€å§‹=0.670s, ç»“æŸ=0.820s
2025-04-24 00:08:17,225 - DEBUG - app.py:226 - æ‰¾åˆ°ä¸‹ä¸€ä¸ªå­—ç¬¦ 'æ˜¯' çš„è¯: é€™æ˜¯
2025-04-24 00:08:17,225 - DEBUG - app.py:239 - å­—ç¬¦ 'é€™' åˆ° 'æ˜¯' çš„é—´éš”: 0.000ç§’
2025-04-24 00:08:17,225 - DEBUG - app.py:182 - å¤„ç†å­—ç¬¦ 2/8: æ˜¯
2025-04-24 00:08:17,225 - DEBUG - app.py:192 - æ‰¾åˆ°åŒ…å«å­—ç¬¦ 'æ˜¯' çš„è¯: é€™æ˜¯
2025-04-24 00:08:17,226 - DEBUG - app.py:196 - å­—ç¬¦ä½ç½®: 2/2
2025-04-24 00:08:17,226 - DEBUG - app.py:207 - å­—ç¬¦æ—¶é—´: å¼€å§‹=0.820s, ç»“æŸ=0.970s
2025-04-24 00:08:17,226 - DEBUG - app.py:226 - æ‰¾åˆ°ä¸‹ä¸€ä¸ªå­—ç¬¦ 'ä¸€' çš„è¯: ä¸€
2025-04-24 00:08:17,226 - DEBUG - app.py:239 - å­—ç¬¦ 'æ˜¯' åˆ° 'ä¸€' çš„é—´éš”: 0.000ç§’
2025-04-24 00:08:17,226 - DEBUG - app.py:182 - å¤„ç†å­—ç¬¦ 3/8: ä¸€
2025-04-24 00:08:17,226 - DEBUG - app.py:192 - æ‰¾åˆ°åŒ…å«å­—ç¬¦ 'ä¸€' çš„è¯: ä¸€
2025-04-24 00:08:17,226 - DEBUG - app.py:196 - å­—ç¬¦ä½ç½®: 1/1
2025-04-24 00:08:17,226 - DEBUG - app.py:207 - å­—ç¬¦æ—¶é—´: å¼€å§‹=0.970s, ç»“æŸ=1.330s
2025-04-24 00:08:17,226 - DEBUG - app.py:226 - æ‰¾åˆ°ä¸‹ä¸€ä¸ªå­—ç¬¦ 'å¥' çš„è¯: å¥
2025-04-24 00:08:17,226 - DEBUG - app.py:239 - å­—ç¬¦ 'ä¸€' åˆ° 'å¥' çš„é—´éš”: 0.000ç§’
2025-04-24 00:08:17,226 - DEBUG - app.py:182 - å¤„ç†å­—ç¬¦ 4/8: å¥
2025-04-24 00:08:17,226 - DEBUG - app.py:192 - æ‰¾åˆ°åŒ…å«å­—ç¬¦ 'å¥' çš„è¯: å¥
2025-04-24 00:08:17,226 - DEBUG - app.py:196 - å­—ç¬¦ä½ç½®: 1/1
2025-04-24 00:08:17,226 - DEBUG - app.py:207 - å­—ç¬¦æ—¶é—´: å¼€å§‹=1.330s, ç»“æŸ=1.530s
2025-04-24 00:08:17,226 - DEBUG - app.py:226 - æ‰¾åˆ°ä¸‹ä¸€ä¸ªå­—ç¬¦ 'æµ' çš„è¯: æµ
2025-04-24 00:08:17,226 - DEBUG - app.py:239 - å­—ç¬¦ 'å¥' åˆ° 'æµ' çš„é—´éš”: 0.000ç§’
2025-04-24 00:08:17,226 - DEBUG - app.py:182 - å¤„ç†å­—ç¬¦ 5/8: æµ
2025-04-24 00:08:17,226 - DEBUG - app.py:192 - æ‰¾åˆ°åŒ…å«å­—ç¬¦ 'æµ' çš„è¯: æµ
2025-04-24 00:08:17,226 - DEBUG - app.py:196 - å­—ç¬¦ä½ç½®: 1/1
2025-04-24 00:08:17,226 - DEBUG - app.py:207 - å­—ç¬¦æ—¶é—´: å¼€å§‹=1.530s, ç»“æŸ=1.790s
2025-04-24 00:08:17,226 - DEBUG - app.py:226 - æ‰¾åˆ°ä¸‹ä¸€ä¸ªå­—ç¬¦ 'å”±' çš„è¯: å”±
2025-04-24 00:08:17,226 - DEBUG - app.py:239 - å­—ç¬¦ 'æµ' åˆ° 'å”±' çš„é—´éš”: 0.000ç§’
2025-04-24 00:08:17,226 - DEBUG - app.py:182 - å¤„ç†å­—ç¬¦ 6/8: å”±
2025-04-24 00:08:17,226 - DEBUG - app.py:192 - æ‰¾åˆ°åŒ…å«å­—ç¬¦ 'å”±' çš„è¯: å”±
2025-04-24 00:08:17,226 - DEBUG - app.py:196 - å­—ç¬¦ä½ç½®: 1/1
2025-04-24 00:08:17,226 - DEBUG - app.py:207 - å­—ç¬¦æ—¶é—´: å¼€å§‹=1.790s, ç»“æŸ=2.090s
2025-04-24 00:08:17,226 - DEBUG - app.py:226 - æ‰¾åˆ°ä¸‹ä¸€ä¸ªå­—ç¬¦ 'çš„' çš„è¯: çš„è©±
2025-04-24 00:08:17,226 - DEBUG - app.py:239 - å­—ç¬¦ 'å”±' åˆ° 'çš„' çš„é—´éš”: 0.000ç§’
2025-04-24 00:08:17,226 - DEBUG - app.py:182 - å¤„ç†å­—ç¬¦ 7/8: çš„
2025-04-24 00:08:17,226 - DEBUG - app.py:192 - æ‰¾åˆ°åŒ…å«å­—ç¬¦ 'çš„' çš„è¯: çš„è©±
2025-04-24 00:08:17,226 - DEBUG - app.py:196 - å­—ç¬¦ä½ç½®: 1/2
2025-04-24 00:08:17,226 - DEBUG - app.py:207 - å­—ç¬¦æ—¶é—´: å¼€å§‹=2.090s, ç»“æŸ=2.290s
2025-04-24 00:08:17,226 - DEBUG - app.py:226 - æ‰¾åˆ°ä¸‹ä¸€ä¸ªå­—ç¬¦ 'è©±' çš„è¯: çš„è©±
2025-04-24 00:08:17,226 - DEBUG - app.py:239 - å­—ç¬¦ 'çš„' åˆ° 'è©±' çš„é—´éš”: 0.000ç§’
2025-04-24 00:08:17,226 - DEBUG - app.py:182 - å¤„ç†å­—ç¬¦ 8/8: è©±
2025-04-24 00:08:17,226 - DEBUG - app.py:192 - æ‰¾åˆ°åŒ…å«å­—ç¬¦ 'è©±' çš„è¯: çš„è©±
2025-04-24 00:08:17,226 - DEBUG - app.py:196 - å­—ç¬¦ä½ç½®: 2/2
2025-04-24 00:08:17,226 - DEBUG - app.py:207 - å­—ç¬¦æ—¶é—´: å¼€å§‹=2.290s, ç»“æŸ=2.490s
2025-04-24 00:08:17,226 - DEBUG - app.py:245 - æœ€åä¸€ä¸ªå­—ç¬¦ 'è©±' æ²¡æœ‰åç»­é—´éš”
2025-04-24 00:08:17,227 - INFO - app.py:254 - æ®µè½ 1 ç»Ÿè®¡: å¹³å‡é—´éš”=0.000ç§’, æ ‡å‡†å·®=0.000ç§’
2025-04-24 00:08:17,227 - INFO - app.py:267 - é—´éš”åˆ†æå®Œæˆ
2025-04-24 00:08:17,227 - INFO - app.py:382 - é—´éš”åˆ†æå®Œæˆï¼Œç»“æœ: [
  {
    "text": "é€™æ˜¯ä¸€å¥æµå”±çš„è©±",
    "avg_interval": 0.0,
    "std_interval": 0.0,
    "word_details": [
      {
        "text": "é€™",
        "start": 0.67,
        "end": 0.8200000000000001,
        "duration": 0.15000000000000002,
        "interval_to_next": 0.0
      },
      {
        "text": "æ˜¯",
        "start": 0.8200000000000001,
        "end": 0.97,
        "duration": 0.1499999999999999,
        "interval_to_next": 0.0
      },
      {
        "text": "ä¸€",
        "start": 0.97,
        "end": 1.33,
        "duration": 0.3600000000000001,
        "interval_to_next": 0.0
      },
      {
        "text": "å¥",
        "start": 1.33,
        "end": 1.53,
        "duration": 0.19999999999999996,
        "interval_to_next": 0.0
      },
      {
        "text": "æµ",
        "start": 1.53,
        "end": 1.79,
        "duration": 0.26,
        "interval_to_next": 0.0
      },
      {
        "text": "å”±",
        "start": 1.79,
        "end": 2.09,
        "duration": 0.2999999999999998,
        "interval_to_next": 0.0
      },
      {
        "text": "çš„",
        "start": 2.09,
        "end": 2.29,
        "duration": 0.20000000000000018,
        "interval_to_next": 0.0
      },
      {
        "text": "è©±",
        "start": 2.29,
        "end": 2.49,
        "duration": 0.20000000000000018,
        "interval_to_next": 0
      }
    ]
  }
]
2025-04-24 00:08:17,227 - INFO - app.py:402 - ä¸´æ—¶æ–‡ä»¶å·²åˆ é™¤: /var/folders/m4/n1rfwfj14zsdfd39p1q2t77h0000gn/T/tmps_0mkaad.wav
2025-04-24 00:08:17,227 - INFO - _internal.py:225 - 127.0.0.1 - - [24/Apr/2025 00:08:17] "POST /upload HTTP/1.1" 200 -
2025-04-24 00:08:45,340 - INFO - app.py:291 - å¼€å§‹å¤„ç†ä¸Šä¼ çš„æ–‡ä»¶...
2025-04-24 00:08:45,341 - INFO - app.py:294 - åˆ›å»ºä¸´æ—¶æ–‡ä»¶: /var/folders/m4/n1rfwfj14zsdfd39p1q2t77h0000gn/T/tmp52aomj_q.wav
2025-04-24 00:08:45,341 - INFO - app.py:296 - æ–‡ä»¶ä¿å­˜æˆåŠŸ
2025-04-24 00:08:45,342 - INFO - app.py:299 - å¼€å§‹è½¬æ¢éŸ³é¢‘æ ¼å¼...
2025-04-24 00:08:45,494 - DEBUG - logging_utils.py:9 - subprocess.call(['ffmpeg', '-y', '-i', '/var/folders/m4/n1rfwfj14zsdfd39p1q2t77h0000gn/T/tmp52aomj_q.wav', '-acodec', 'pcm_s32le', '-vn', '-f', 'wav', '-'])
2025-04-24 00:08:45,554 - INFO - app.py:301 - åŸå§‹éŸ³é¢‘ä¿¡æ¯: é€šé“æ•°=1, é‡‡æ ·ç‡=48000, æ—¶é•¿=6.6ç§’
2025-04-24 00:08:45,558 - INFO - app.py:305 - è½¬æ¢åéŸ³é¢‘ä¿¡æ¯: é€šé“æ•°=1, é‡‡æ ·ç‡=16000
2025-04-24 00:08:45,558 - INFO - app.py:308 - éŸ³é¢‘æ ¼å¼è½¬æ¢å®Œæˆ
2025-04-24 00:08:45,558 - INFO - app.py:311 - å¼€å§‹åŠ è½½éŸ³é¢‘æ•°æ®...
2025-04-24 00:08:45,612 - INFO - app.py:315 - éŸ³é¢‘æ•°æ®åŠ è½½æˆåŠŸï¼Œå½¢çŠ¶: (105600,), ç±»å‹: float32
2025-04-24 00:08:45,612 - INFO - app.py:322 - å¤„ç†åçš„éŸ³é¢‘æ•°æ®å½¢çŠ¶: torch.Size([105600]), ç±»å‹: torch.float32
2025-04-24 00:08:45,612 - INFO - app.py:325 - å¼€å§‹è½¬å½•...
2025-04-24 00:08:45,612 - INFO - app.py:326 - è®¾ç½®è½¬å½•å‚æ•°...
2025-04-24 00:08:45,612 - INFO - app.py:335 - è½¬å½•å‚æ•°: {"language": "zh", "task": "transcribe", "vad": true, "trust_whisper_timestamps": false, "refine_whisper_precision": 0.02, "plot_word_alignment": false}
2025-04-24 00:08:45,612 - INFO - app.py:338 - å¼€å§‹æ‰§è¡Œè½¬å½•...
2025-04-24 00:08:46,380 - DEBUG - transcribe.py:701 - Add segment 1:
	<|0.00|>é€™å¥è©±ä¸å¤ æµç¨‹<|5.00|>
2025-04-24 00:08:46,380 - DEBUG - transcribe.py:938 - Compile results
2025-04-24 00:08:46,381 - INFO - app.py:344 - è½¬å½•å®Œæˆï¼Œç»“æœ: {
  "text": "é€™å¥è©±ä¸å¤ æµç¨‹",
  "segments": [
    {
      "id": 0,
      "seek": 0,
      "start": 1.02,
      "end": 5.48,
      "text": "é€™å¥è©±ä¸å¤ æµç¨‹",
      "tokens": [
        50364,
        2664,
        34592,
        11103,
        1960,
        31649,
        27854,
        29649,
        50614
      ],
      "temperature": 0.0,
      "avg_logprob": -0.49283013343811033,
      "compression_ratio": 0.65625,
      "no_speech_prob": 0.13431338965892792,
      "confidence": 0.79,
      "words": [
        {
          "text": "é€™",
          "start": 1.02,
          "end": 1.32,
          "confidence": 0.626
        },
        {
          "text": "å¥",
          "start": 1.32,
          "end": 2.36,
          "confidence": 0.782
        },
        {
          "text": "è©±",
          "start": 2.36,
          "end": 2.8,
          "confidence": 0.998
        },
        {
          "text": "ä¸",
          "start": 2.8,
          "end": 4.02,
          "confidence": 0.826
        },
        {
          "text": "å¤ ",
          "start": 4.02,
          "end": 4.88,
          "confidence": 0.972
        },
        {
          "text": "æµ",
          "start": 4.88,
          "end": 5.18,
          "confidence": 0.745
        },
        {
          "text": "ç¨‹",
          "start": 5.18,
          "end": 5.48,
          "confidence": 0.659
        }
      ]
    }
  ],
  "language": "zh",
  "speech_activity": [
    {
      "start": 0.558,
      "end": 5.874
    }
  ]
}
2025-04-24 00:08:46,381 - INFO - app.py:347 - å¼€å§‹å¤„ç†è½¬å½•ç»“æœ...
2025-04-24 00:08:46,381 - INFO - app.py:350 - å¤„ç†æ®µè½: é€™å¥è©±ä¸å¤ æµç¨‹
2025-04-24 00:08:46,381 - DEBUG - app.py:353 - å¤„ç†å•è¯: é€™
2025-04-24 00:08:46,381 - DEBUG - app.py:367 - å•è¯ é€™ åˆ° å¥ çš„é—´éš”: 0.000ç§’
2025-04-24 00:08:46,381 - DEBUG - app.py:353 - å¤„ç†å•è¯: å¥
2025-04-24 00:08:46,381 - DEBUG - app.py:367 - å•è¯ å¥ åˆ° è©± çš„é—´éš”: 0.000ç§’
2025-04-24 00:08:46,381 - DEBUG - app.py:353 - å¤„ç†å•è¯: è©±
2025-04-24 00:08:46,381 - DEBUG - app.py:367 - å•è¯ è©± åˆ° ä¸ çš„é—´éš”: 0.000ç§’
2025-04-24 00:08:46,381 - DEBUG - app.py:353 - å¤„ç†å•è¯: ä¸
2025-04-24 00:08:46,381 - DEBUG - app.py:367 - å•è¯ ä¸ åˆ° å¤  çš„é—´éš”: 0.000ç§’
2025-04-24 00:08:46,381 - DEBUG - app.py:353 - å¤„ç†å•è¯: å¤ 
2025-04-24 00:08:46,381 - DEBUG - app.py:367 - å•è¯ å¤  åˆ° æµ çš„é—´éš”: 0.000ç§’
2025-04-24 00:08:46,381 - DEBUG - app.py:353 - å¤„ç†å•è¯: æµ
2025-04-24 00:08:46,381 - DEBUG - app.py:367 - å•è¯ æµ åˆ° ç¨‹ çš„é—´éš”: 0.000ç§’
2025-04-24 00:08:46,381 - DEBUG - app.py:353 - å¤„ç†å•è¯: ç¨‹
2025-04-24 00:08:46,381 - INFO - app.py:380 - å¼€å§‹åˆ†æé—´éš”...
2025-04-24 00:08:46,381 - INFO - app.py:161 - å¼€å§‹åˆ†æé—´éš”...
2025-04-24 00:08:46,381 - INFO - app.py:165 - å¤„ç†æ®µè½ 1/1: é€™å¥è©±ä¸å¤ æµç¨‹
2025-04-24 00:08:46,381 - DEBUG - app.py:171 - æ®µè½ 1 åŒ…å« 7 ä¸ªè¯
2025-04-24 00:08:46,381 - DEBUG - app.py:178 - æ‹†åˆ†åçš„å­—ç¬¦: ['é€™', 'å¥', 'è©±', 'ä¸', 'å¤ ', 'æµ', 'ç¨‹']
2025-04-24 00:08:46,381 - DEBUG - app.py:182 - å¤„ç†å­—ç¬¦ 1/7: é€™
2025-04-24 00:08:46,381 - DEBUG - app.py:192 - æ‰¾åˆ°åŒ…å«å­—ç¬¦ 'é€™' çš„è¯: é€™
2025-04-24 00:08:46,382 - DEBUG - app.py:196 - å­—ç¬¦ä½ç½®: 1/1
2025-04-24 00:08:46,382 - DEBUG - app.py:207 - å­—ç¬¦æ—¶é—´: å¼€å§‹=1.020s, ç»“æŸ=1.320s
2025-04-24 00:08:46,382 - DEBUG - app.py:226 - æ‰¾åˆ°ä¸‹ä¸€ä¸ªå­—ç¬¦ 'å¥' çš„è¯: å¥
2025-04-24 00:08:46,382 - DEBUG - app.py:239 - å­—ç¬¦ 'é€™' åˆ° 'å¥' çš„é—´éš”: 0.000ç§’
2025-04-24 00:08:46,382 - DEBUG - app.py:182 - å¤„ç†å­—ç¬¦ 2/7: å¥
2025-04-24 00:08:46,382 - DEBUG - app.py:192 - æ‰¾åˆ°åŒ…å«å­—ç¬¦ 'å¥' çš„è¯: å¥
2025-04-24 00:08:46,382 - DEBUG - app.py:196 - å­—ç¬¦ä½ç½®: 1/1
2025-04-24 00:08:46,382 - DEBUG - app.py:207 - å­—ç¬¦æ—¶é—´: å¼€å§‹=1.320s, ç»“æŸ=2.360s
2025-04-24 00:08:46,382 - DEBUG - app.py:226 - æ‰¾åˆ°ä¸‹ä¸€ä¸ªå­—ç¬¦ 'è©±' çš„è¯: è©±
2025-04-24 00:08:46,382 - DEBUG - app.py:239 - å­—ç¬¦ 'å¥' åˆ° 'è©±' çš„é—´éš”: 0.000ç§’
2025-04-24 00:08:46,382 - DEBUG - app.py:182 - å¤„ç†å­—ç¬¦ 3/7: è©±
2025-04-24 00:08:46,382 - DEBUG - app.py:192 - æ‰¾åˆ°åŒ…å«å­—ç¬¦ 'è©±' çš„è¯: è©±
2025-04-24 00:08:46,382 - DEBUG - app.py:196 - å­—ç¬¦ä½ç½®: 1/1
2025-04-24 00:08:46,382 - DEBUG - app.py:207 - å­—ç¬¦æ—¶é—´: å¼€å§‹=2.360s, ç»“æŸ=2.800s
2025-04-24 00:08:46,382 - DEBUG - app.py:226 - æ‰¾åˆ°ä¸‹ä¸€ä¸ªå­—ç¬¦ 'ä¸' çš„è¯: ä¸
2025-04-24 00:08:46,382 - DEBUG - app.py:239 - å­—ç¬¦ 'è©±' åˆ° 'ä¸' çš„é—´éš”: 0.000ç§’
2025-04-24 00:08:46,382 - DEBUG - app.py:182 - å¤„ç†å­—ç¬¦ 4/7: ä¸
2025-04-24 00:08:46,382 - DEBUG - app.py:192 - æ‰¾åˆ°åŒ…å«å­—ç¬¦ 'ä¸' çš„è¯: ä¸
2025-04-24 00:08:46,382 - DEBUG - app.py:196 - å­—ç¬¦ä½ç½®: 1/1
2025-04-24 00:08:46,382 - DEBUG - app.py:207 - å­—ç¬¦æ—¶é—´: å¼€å§‹=2.800s, ç»“æŸ=4.020s
2025-04-24 00:08:46,382 - DEBUG - app.py:226 - æ‰¾åˆ°ä¸‹ä¸€ä¸ªå­—ç¬¦ 'å¤ ' çš„è¯: å¤ 
2025-04-24 00:08:46,382 - DEBUG - app.py:239 - å­—ç¬¦ 'ä¸' åˆ° 'å¤ ' çš„é—´éš”: 0.000ç§’
2025-04-24 00:08:46,382 - DEBUG - app.py:182 - å¤„ç†å­—ç¬¦ 5/7: å¤ 
2025-04-24 00:08:46,382 - DEBUG - app.py:192 - æ‰¾åˆ°åŒ…å«å­—ç¬¦ 'å¤ ' çš„è¯: å¤ 
2025-04-24 00:08:46,382 - DEBUG - app.py:196 - å­—ç¬¦ä½ç½®: 1/1
2025-04-24 00:08:46,382 - DEBUG - app.py:207 - å­—ç¬¦æ—¶é—´: å¼€å§‹=4.020s, ç»“æŸ=4.880s
2025-04-24 00:08:46,382 - DEBUG - app.py:226 - æ‰¾åˆ°ä¸‹ä¸€ä¸ªå­—ç¬¦ 'æµ' çš„è¯: æµ
2025-04-24 00:08:46,382 - DEBUG - app.py:239 - å­—ç¬¦ 'å¤ ' åˆ° 'æµ' çš„é—´éš”: 0.000ç§’
2025-04-24 00:08:46,382 - DEBUG - app.py:182 - å¤„ç†å­—ç¬¦ 6/7: æµ
2025-04-24 00:08:46,382 - DEBUG - app.py:192 - æ‰¾åˆ°åŒ…å«å­—ç¬¦ 'æµ' çš„è¯: æµ
2025-04-24 00:08:46,382 - DEBUG - app.py:196 - å­—ç¬¦ä½ç½®: 1/1
2025-04-24 00:08:46,383 - DEBUG - app.py:207 - å­—ç¬¦æ—¶é—´: å¼€å§‹=4.880s, ç»“æŸ=5.180s
2025-04-24 00:08:46,383 - DEBUG - app.py:226 - æ‰¾åˆ°ä¸‹ä¸€ä¸ªå­—ç¬¦ 'ç¨‹' çš„è¯: ç¨‹
2025-04-24 00:08:46,383 - DEBUG - app.py:239 - å­—ç¬¦ 'æµ' åˆ° 'ç¨‹' çš„é—´éš”: 0.000ç§’
2025-04-24 00:08:46,383 - DEBUG - app.py:182 - å¤„ç†å­—ç¬¦ 7/7: ç¨‹
2025-04-24 00:08:46,383 - DEBUG - app.py:192 - æ‰¾åˆ°åŒ…å«å­—ç¬¦ 'ç¨‹' çš„è¯: ç¨‹
2025-04-24 00:08:46,383 - DEBUG - app.py:196 - å­—ç¬¦ä½ç½®: 1/1
2025-04-24 00:08:46,383 - DEBUG - app.py:207 - å­—ç¬¦æ—¶é—´: å¼€å§‹=5.180s, ç»“æŸ=5.480s
2025-04-24 00:08:46,383 - DEBUG - app.py:245 - æœ€åä¸€ä¸ªå­—ç¬¦ 'ç¨‹' æ²¡æœ‰åç»­é—´éš”
2025-04-24 00:08:46,383 - INFO - app.py:254 - æ®µè½ 1 ç»Ÿè®¡: å¹³å‡é—´éš”=0.000ç§’, æ ‡å‡†å·®=0.000ç§’
2025-04-24 00:08:46,383 - INFO - app.py:267 - é—´éš”åˆ†æå®Œæˆ
2025-04-24 00:08:46,383 - INFO - app.py:382 - é—´éš”åˆ†æå®Œæˆï¼Œç»“æœ: [
  {
    "text": "é€™å¥è©±ä¸å¤ æµç¨‹",
    "avg_interval": 0.0,
    "std_interval": 0.0,
    "word_details": [
      {
        "text": "é€™",
        "start": 1.02,
        "end": 1.32,
        "duration": 0.30000000000000004,
        "interval_to_next": 0.0
      },
      {
        "text": "å¥",
        "start": 1.32,
        "end": 2.36,
        "duration": 1.0399999999999998,
        "interval_to_next": 0.0
      },
      {
        "text": "è©±",
        "start": 2.36,
        "end": 2.8,
        "duration": 0.43999999999999995,
        "interval_to_next": 0.0
      },
      {
        "text": "ä¸",
        "start": 2.8,
        "end": 4.02,
        "duration": 1.2199999999999998,
        "interval_to_next": 0.0
      },
      {
        "text": "å¤ ",
        "start": 4.02,
        "end": 4.88,
        "duration": 0.8600000000000003,
        "interval_to_next": 0.0
      },
      {
        "text": "æµ",
        "start": 4.88,
        "end": 5.18,
        "duration": 0.2999999999999998,
        "interval_to_next": 0.0
      },
      {
        "text": "ç¨‹",
        "start": 5.18,
        "end": 5.48,
        "duration": 0.3000000000000007,
        "interval_to_next": 0
      }
    ]
  }
]
2025-04-24 00:08:46,383 - INFO - app.py:402 - ä¸´æ—¶æ–‡ä»¶å·²åˆ é™¤: /var/folders/m4/n1rfwfj14zsdfd39p1q2t77h0000gn/T/tmp52aomj_q.wav
2025-04-24 00:08:46,384 - INFO - _internal.py:225 - 127.0.0.1 - - [24/Apr/2025 00:08:46] "POST /upload HTTP/1.1" 200 -
